<?xml version="1.0" encoding="UTF-8"?>
<testng-results skipped="0" failed="0" total="1" passed="1">
  <reporter-output>
  </reporter-output>
  <suite name="Suite" duration-ms="89" started-at="2019-11-11T07:03:19Z" finished-at="2019-11-11T07:03:19Z">
    <groups>
    </groups>
    <test name="Test" duration-ms="89" started-at="2019-11-11T07:03:19Z" finished-at="2019-11-11T07:03:19Z">
      <class name="maventest.selenium2.NewTest">
        <test-method status="PASS" signature="test()[pri:0, instance:maventest.selenium2.NewTest@573f2bb1]" name="test" duration-ms="32" started-at="2019-11-11T12:33:19Z" finished-at="2019-11-11T12:33:19Z">
          <reporter-output>
          </reporter-output>
        </test-method> <!-- test -->
      </class> <!-- maventest.selenium2.NewTest -->
    </test> <!-- Test -->
  </suite> <!-- Suite -->
</testng-results>
